2026-03-21 13:44:59,523:main.py:ERROR:scrape error
Traceback (most recent call last):
  File "C:\Users\Remi Tregan\CodingProjects\other\sports-bet\src\swisslos_scrape_service\main.py", line 172, in <module>
    matches, sports_bets = run(playwright, headless=True)
                           ~~~^^^^^^^^^^^^^^^^^^^^^^^^^^^
  File "C:\Users\Remi Tregan\CodingProjects\other\sports-bet\src\swisslos_scrape_service\main.py", line 129, in run
    country_names = A_to_Z_country_names(page)
  File "C:\Users\Remi Tregan\CodingProjects\other\sports-bet\src\swisslos_scrape_service\main.py", line 103, in A_to_Z_country_names
    page.get_by_text("+99").click()
    ~~~~~~~~~~~~~~~~~~~~~~~~~~~~~^^
  File "C:\Users\Remi Tregan\CodingProjects\other\sports-bet\src\swisslos_scrape_service\.venv\Lib\site-packages\playwright\sync_api\_generated.py", line 15631, in click
    self._sync(
    ~~~~~~~~~~^
        self._impl_obj.click(
        ^^^^^^^^^^^^^^^^^^^^^
    ...<10 lines>...
        )
        ^
    )
    ^
  File "C:\Users\Remi Tregan\CodingProjects\other\sports-bet\src\swisslos_scrape_service\.venv\Lib\site-packages\playwright\_impl\_sync_base.py", line 115, in _sync
    return task.result()
           ~~~~~~~~~~~^^
  File "C:\Users\Remi Tregan\CodingProjects\other\sports-bet\src\swisslos_scrape_service\.venv\Lib\site-packages\playwright\_impl\_locator.py", line 162, in click
    return await self._frame._click(self._selector, strict=True, **params)
           ^^^^^^^^^^^^^^^^^^^^^^^^^^^^^^^^^^^^^^^^^^^^^^^^^^^^^^^^^^^^^^^
  File "C:\Users\Remi Tregan\CodingProjects\other\sports-bet\src\swisslos_scrape_service\.venv\Lib\site-packages\playwright\_impl\_frame.py", line 566, in _click
    await self._channel.send("click", self._timeout, locals_to_params(locals()))
  File "C:\Users\Remi Tregan\CodingProjects\other\sports-bet\src\swisslos_scrape_service\.venv\Lib\site-packages\playwright\_impl\_connection.py", line 69, in send
    return await self._connection.wrap_api_call(
           ^^^^^^^^^^^^^^^^^^^^^^^^^^^^^^^^^^^^^
    ...<3 lines>...
    )
    ^
  File "C:\Users\Remi Tregan\CodingProjects\other\sports-bet\src\swisslos_scrape_service\.venv\Lib\site-packages\playwright\_impl\_connection.py", line 559, in wrap_api_call
    raise rewrite_error(error, f"{parsed_st['apiName']}: {error}") from None
playwright._impl._errors.TimeoutError: Locator.click: Timeout 30000ms exceeded.
Call log:
  - waiting for get_by_text("+99")

2026-03-21 14:15:56,626:main.py:INFO:websocket opened: wss://ws.ch.admiral.at/
2026-03-21 14:16:07,806:main.py:INFO:collected 26 websocket messages
2026-03-21 14:16:07,806:main.py:ERROR:scrape error
Traceback (most recent call last):
  File "C:\Users\Remi Tregan\CodingProjects\other\sports-bet\src\swisslos_scrape_service\main.py", line 159, in <module>
    matches, odds_list = parse_messages(messages)
                         ~~~~~~~~~~~~~~^^^^^^^^^^
  File "C:\Users\Remi Tregan\CodingProjects\other\sports-bet\src\swisslos_scrape_service\main.py", line 73, in parse_messages
    body = item.get('body', {})
           ^^^^^^^^
AttributeError: 'str' object has no attribute 'get'
2026-03-21 14:17:25,780:main.py:INFO:websocket opened: wss://ws.ch.admiral.at/
2026-03-21 14:17:26,137:main.py:INFO:collected 25 websocket messages
2026-03-21 14:17:26,198:main.py:INFO:scraped 0 matches in 15.83s
2026-03-21 14:17:26,198:main.py:INFO:posted 0 matches and odds to db_service
2026-03-21 14:19:02,291:main.py:INFO:websocket opened: wss://ws.ch.admiral.at/
2026-03-21 14:19:02,653:main.py:INFO:collected 26 websocket messages
2026-03-21 14:19:02,714:main.py:ERROR:scrape error
Traceback (most recent call last):
  File "C:\Users\Remi Tregan\CodingProjects\other\sports-bet\src\swisslos_scrape_service\main.py", line 101, in <module>
    matches, odds_list = parse_messages(messages)
    ^^^^^^^^^^^^^^^^^^
TypeError: cannot unpack non-iterable NoneType object
2026-03-21 14:20:25,102:main.py:INFO:websocket opened: wss://ws.ch.admiral.at/
2026-03-21 14:20:25,468:main.py:INFO:collected 26 websocket messages
2026-03-21 14:20:25,538:main.py:ERROR:scrape error
Traceback (most recent call last):
  File "C:\Users\Remi Tregan\CodingProjects\other\sports-bet\src\swisslos_scrape_service\main.py", line 104, in <module>
    matches, odds_list = parse_messages(messages)
    ^^^^^^^^^^^^^^^^^^
TypeError: cannot unpack non-iterable NoneType object
2026-03-21 14:22:35,935:main.py:INFO:websocket opened: wss://ws.ch.admiral.at/
2026-03-21 14:22:47,148:main.py:INFO:collected 26 websocket messages
2026-03-21 14:22:47,171:main.py:ERROR:scrape error
Traceback (most recent call last):
  File "C:\Users\Remi Tregan\CodingProjects\other\sports-bet\src\swisslos_scrape_service\main.py", line 111, in <module>
    matches, odds_list = parse_messages(messages)
    ^^^^^^^^^^^^^^^^^^
TypeError: cannot unpack non-iterable NoneType object
2026-03-21 14:24:05,629:main.py:INFO:websocket opened: wss://ws.ch.admiral.at/
2026-03-21 14:24:19,498:main.py:INFO:collected 28 websocket messages
2026-03-21 14:24:19,521:main.py:INFO:scraped 30 matches in 19.53s
2026-03-21 14:30:25,938:main.py:INFO:websocket opened: wss://ws.ch.admiral.at/
2026-03-21 14:30:37,449:main.py:INFO:collected 28 websocket messages
2026-03-21 14:30:37,464:main.py:INFO:scraped 30 matches in 17.12s
2026-03-21 14:30:37,520:main.py:ERROR:scrape error
Traceback (most recent call last):
  File "C:\Users\Remi Tregan\CodingProjects\other\sports-bet\src\swisslos_scrape_service\.venv\Lib\site-packages\requests\models.py", line 976, in json
    return complexjson.loads(self.text, **kwargs)
           ~~~~~~~~~~~~~~~~~^^^^^^^^^^^^^^^^^^^^^
  File "C:\Users\Remi Tregan\AppData\Roaming\uv\python\cpython-3.13.7-windows-x86_64-none\Lib\json\__init__.py", line 346, in loads
    return _default_decoder.decode(s)
           ~~~~~~~~~~~~~~~~~~~~~~~^^^
  File "C:\Users\Remi Tregan\AppData\Roaming\uv\python\cpython-3.13.7-windows-x86_64-none\Lib\json\decoder.py", line 345, in decode
    obj, end = self.raw_decode(s, idx=_w(s, 0).end())
               ~~~~~~~~~~~~~~~^^^^^^^^^^^^^^^^^^^^^^^
  File "C:\Users\Remi Tregan\AppData\Roaming\uv\python\cpython-3.13.7-windows-x86_64-none\Lib\json\decoder.py", line 363, in raw_decode
    raise JSONDecodeError("Expecting value", s, err.value) from None
json.decoder.JSONDecodeError: Expecting value: line 1 column 1 (char 0)

During handling of the above exception, another exception occurred:

Traceback (most recent call last):
  File "C:\Users\Remi Tregan\CodingProjects\other\sports-bet\src\swisslos_scrape_service\main.py", line 185, in <module>
    match_id = match_response.json().get('id')
               ~~~~~~~~~~~~~~~~~~~^^
  File "C:\Users\Remi Tregan\CodingProjects\other\sports-bet\src\swisslos_scrape_service\.venv\Lib\site-packages\requests\models.py", line 980, in json
    raise RequestsJSONDecodeError(e.msg, e.doc, e.pos)
requests.exceptions.JSONDecodeError: Expecting value: line 1 column 1 (char 0)
2026-03-21 14:31:13,141:main.py:INFO:websocket opened: wss://ws.ch.admiral.at/
2026-03-21 14:31:25,952:main.py:INFO:collected 28 websocket messages
2026-03-21 14:31:25,970:main.py:INFO:scraped 30 matches in 18.77s
2026-03-21 14:31:27,853:main.py:INFO:posted 30 matches and odds to db_service
2026-03-21 15:15:18,571:main.py:INFO:websocket opened: wss://ws.ch.admiral.at/
2026-03-21 15:15:29,968:main.py:INFO:collected 28 websocket messages
2026-03-21 15:15:29,991:main.py:INFO:len(competitors)=56 len(selections)=357 len(markets)=155 len(events)=29
2026-03-21 15:15:29,994:main.py:INFO:scraped 29 matches in 23.23s
2026-03-21 19:17:58,159:main.py:INFO:websocket opened: wss://ws.ch.admiral.at/
2026-03-21 19:18:09,242:main.py:INFO:collected 25 websocket messages
2026-03-21 19:18:09,254:main.py:INFO:len(competitors)=52 len(selections)=356 len(markets)=155 len(events)=26
2026-03-21 19:18:09,255:main.py:INFO:scraped 26 matches in 21.98s
2026-03-21 19:18:09,265:main.py:ERROR:failed to post match: {"detail":"Not Found"}
2026-03-21 19:18:09,269:main.py:ERROR:failed to post match: {"detail":"Not Found"}
2026-03-21 19:18:09,273:main.py:ERROR:failed to post match: {"detail":"Not Found"}
2026-03-21 19:18:09,277:main.py:ERROR:failed to post match: {"detail":"Not Found"}
2026-03-21 19:18:09,281:main.py:ERROR:failed to post match: {"detail":"Not Found"}
2026-03-21 19:18:09,284:main.py:ERROR:failed to post match: {"detail":"Not Found"}
2026-03-21 19:18:09,288:main.py:ERROR:failed to post match: {"detail":"Not Found"}
2026-03-21 19:18:09,291:main.py:ERROR:failed to post match: {"detail":"Not Found"}
2026-03-21 19:18:09,295:main.py:ERROR:failed to post match: {"detail":"Not Found"}
2026-03-21 19:18:09,299:main.py:ERROR:failed to post match: {"detail":"Not Found"}
2026-03-21 19:18:09,302:main.py:ERROR:failed to post match: {"detail":"Not Found"}
2026-03-21 19:18:09,306:main.py:ERROR:failed to post match: {"detail":"Not Found"}
2026-03-21 19:18:09,309:main.py:ERROR:failed to post match: {"detail":"Not Found"}
2026-03-21 19:18:09,313:main.py:ERROR:failed to post match: {"detail":"Not Found"}
2026-03-21 19:18:09,316:main.py:ERROR:failed to post match: {"detail":"Not Found"}
2026-03-21 19:18:09,320:main.py:ERROR:failed to post match: {"detail":"Not Found"}
2026-03-21 19:18:09,324:main.py:ERROR:failed to post match: {"detail":"Not Found"}
2026-03-21 19:18:09,328:main.py:ERROR:failed to post match: {"detail":"Not Found"}
2026-03-21 19:18:09,332:main.py:ERROR:failed to post match: {"detail":"Not Found"}
2026-03-21 19:18:09,336:main.py:ERROR:failed to post match: {"detail":"Not Found"}
2026-03-21 19:18:09,341:main.py:ERROR:failed to post match: {"detail":"Not Found"}
2026-03-21 19:18:09,345:main.py:ERROR:failed to post match: {"detail":"Not Found"}
2026-03-21 19:18:09,350:main.py:ERROR:failed to post match: {"detail":"Not Found"}
2026-03-21 19:18:09,355:main.py:ERROR:failed to post match: {"detail":"Not Found"}
2026-03-21 19:18:09,359:main.py:ERROR:failed to post match: {"detail":"Not Found"}
2026-03-21 19:18:09,364:main.py:ERROR:failed to post match: {"detail":"Not Found"}
2026-03-21 19:18:09,364:main.py:INFO:posted 26 matches and odds to db_service
2026-03-21 19:25:37,976:main.py:INFO:websocket opened: wss://ws.ch.admiral.at/
2026-03-21 19:25:48,627:main.py:INFO:collected 27 websocket messages
2026-03-21 19:25:48,642:main.py:INFO:len(competitors)=52 len(selections)=362 len(markets)=158 len(events)=26
2026-03-21 19:25:48,643:main.py:INFO:scraped 26 matches in 17.35s
2026-03-21 19:25:48,672:main.py:ERROR:failed to post match: Internal Server Error
2026-03-21 19:25:48,702:main.py:ERROR:failed to post match: Internal Server Error
2026-03-21 19:25:48,731:main.py:ERROR:failed to post match: Internal Server Error
2026-03-21 19:25:48,760:main.py:ERROR:failed to post match: Internal Server Error
2026-03-21 19:25:48,791:main.py:ERROR:failed to post match: Internal Server Error
2026-03-21 19:25:48,824:main.py:ERROR:failed to post match: Internal Server Error
2026-03-21 19:25:48,927:main.py:ERROR:failed to post match: Internal Server Error
2026-03-21 19:25:48,975:main.py:ERROR:failed to post match: Internal Server Error
2026-03-21 19:25:49,009:main.py:ERROR:failed to post match: Internal Server Error
2026-03-21 19:25:49,038:main.py:ERROR:failed to post match: Internal Server Error
2026-03-21 19:25:49,066:main.py:ERROR:failed to post match: Internal Server Error
2026-03-21 19:25:49,093:main.py:ERROR:failed to post match: Internal Server Error
2026-03-21 19:25:49,122:main.py:ERROR:failed to post match: Internal Server Error
2026-03-21 19:25:49,152:main.py:ERROR:failed to post match: Internal Server Error
2026-03-21 19:25:49,181:main.py:ERROR:failed to post match: Internal Server Error
2026-03-21 19:25:49,210:main.py:ERROR:failed to post match: Internal Server Error
2026-03-21 19:25:49,239:main.py:ERROR:failed to post match: Internal Server Error
2026-03-21 19:25:49,272:main.py:ERROR:failed to post match: Internal Server Error
2026-03-21 19:25:49,303:main.py:ERROR:failed to post match: Internal Server Error
2026-03-21 19:25:49,333:main.py:ERROR:failed to post match: Internal Server Error
2026-03-21 19:25:49,363:main.py:ERROR:failed to post match: Internal Server Error
2026-03-21 19:25:49,392:main.py:ERROR:failed to post match: Internal Server Error
2026-03-21 19:25:49,426:main.py:ERROR:failed to post match: Internal Server Error
2026-03-21 19:25:49,459:main.py:ERROR:failed to post match: Internal Server Error
2026-03-21 19:25:49,493:main.py:ERROR:failed to post match: Internal Server Error
2026-03-21 19:25:49,524:main.py:ERROR:failed to post match: Internal Server Error
2026-03-21 19:25:49,524:main.py:INFO:posted 26 matches and odds to db_service
2026-03-21 19:29:08,924:main.py:INFO:websocket opened: wss://ws.ch.admiral.at/
2026-03-21 19:29:19,445:main.py:INFO:collected 26 websocket messages
2026-03-21 19:29:19,457:main.py:INFO:len(competitors)=52 len(selections)=360 len(markets)=157 len(events)=26
2026-03-21 19:29:19,458:main.py:INFO:scraped 26 matches in 16.68s
2026-03-21 19:29:19,523:main.py:ERROR:failed to post match: Internal Server Error
2026-03-21 19:29:19,565:main.py:ERROR:failed to post match: Internal Server Error
2026-03-21 19:29:19,640:main.py:ERROR:failed to post match: Internal Server Error
2026-03-21 19:29:19,679:main.py:ERROR:failed to post match: Internal Server Error
2026-03-21 19:29:19,710:main.py:ERROR:failed to post match: Internal Server Error
2026-03-21 19:29:19,745:main.py:ERROR:failed to post match: Internal Server Error
2026-03-21 19:29:19,773:main.py:ERROR:failed to post match: Internal Server Error
2026-03-21 19:29:19,796:main.py:ERROR:failed to post match: Internal Server Error
2026-03-21 19:29:19,820:main.py:ERROR:failed to post match: Internal Server Error
2026-03-21 19:29:19,845:main.py:ERROR:failed to post match: Internal Server Error
2026-03-21 19:29:19,869:main.py:ERROR:failed to post match: Internal Server Error
2026-03-21 19:29:19,896:main.py:ERROR:failed to post match: Internal Server Error
2026-03-21 19:29:19,920:main.py:ERROR:failed to post match: Internal Server Error
2026-03-21 19:29:19,945:main.py:ERROR:failed to post match: Internal Server Error
2026-03-21 19:29:19,971:main.py:ERROR:failed to post match: Internal Server Error
2026-03-21 19:29:19,996:main.py:ERROR:failed to post match: Internal Server Error
2026-03-21 19:29:20,029:main.py:ERROR:failed to post match: Internal Server Error
2026-03-21 19:29:20,069:main.py:ERROR:failed to post match: Internal Server Error
2026-03-21 19:29:20,109:main.py:ERROR:failed to post match: Internal Server Error
2026-03-21 19:29:20,150:main.py:ERROR:failed to post match: Internal Server Error
2026-03-21 19:29:20,191:main.py:ERROR:failed to post match: Internal Server Error
2026-03-21 19:29:20,234:main.py:ERROR:failed to post match: Internal Server Error
2026-03-21 19:29:20,276:main.py:ERROR:failed to post match: Internal Server Error
2026-03-21 19:29:20,318:main.py:ERROR:failed to post match: Internal Server Error
2026-03-21 19:29:20,358:main.py:ERROR:failed to post match: Internal Server Error
2026-03-21 19:29:20,400:main.py:ERROR:failed to post match: Internal Server Error
2026-03-21 19:29:20,400:main.py:INFO:posted 26 matches and odds to db_service
2026-03-21 19:33:55,654:main.py:INFO:websocket opened: wss://ws.ch.admiral.at/
2026-03-21 19:34:06,425:main.py:INFO:collected 24 websocket messages
2026-03-21 19:34:06,437:main.py:INFO:len(competitors)=52 len(selections)=362 len(markets)=158 len(events)=26
2026-03-21 19:34:06,438:main.py:INFO:scraped 26 matches in 17.04s
2026-03-21 19:34:06,466:main.py:ERROR:scrape error
Traceback (most recent call last):
  File "C:\Users\Remi Tregan\CodingProjects\other\sports-bet\src\swisslos_scrape_service\main.py", line 191, in <module>
    odds.bookmaker_match_id = match_id
    ^^^^^^^^^^^^^^^^^^^^^^^
  File "C:\Users\Remi Tregan\CodingProjects\other\sports-bet\src\swisslos_scrape_service\.venv\Lib\site-packages\sqlmodel\main.py", line 858, in __setattr__
    super().__setattr__(name, value)
    ~~~~~~~~~~~~~~~~~~~^^^^^^^^^^^^^
  File "C:\Users\Remi Tregan\CodingProjects\other\sports-bet\src\swisslos_scrape_service\.venv\Lib\site-packages\pydantic\main.py", line 1032, in __setattr__
    elif (setattr_handler := self._setattr_handler(name, value)) is not None:
                             ~~~~~~~~~~~~~~~~~~~~~^^^^^^^^^^^^^
  File "C:\Users\Remi Tregan\CodingProjects\other\sports-bet\src\swisslos_scrape_service\.venv\Lib\site-packages\pydantic\main.py", line 1079, in _setattr_handler
    raise ValueError(f'"{cls.__name__}" object has no field "{name}"')
ValueError: "SportsBettingOddsCreate" object has no field "bookmaker_match_id"
2026-03-21 20:15:47,498:main.py:INFO:websocket opened: wss://ws.ch.admiral.at/
2026-03-21 20:15:48,422:main.py:INFO:collected 25 websocket messages
2026-03-21 20:15:48,443:main.py:INFO:len(competitors)=52 len(selections)=355 len(markets)=155 len(events)=26
2026-03-21 20:15:48,444:main.py:ERROR:scrape error
Traceback (most recent call last):
  File "C:\Users\Remi Tregan\CodingProjects\other\sports-bet\src\swisslos_scrape_service\main.py", line 176, in <module>
    matches, odds_list = parse_messages(messages)
                         ~~~~~~~~~~~~~~^^^^^^^^^^
  File "C:\Users\Remi Tregan\CodingProjects\other\sports-bet\src\swisslos_scrape_service\main.py", line 159, in parse_messages
    odds_list.append(SportsBettingOddsCreate(
                     ~~~~~~~~~~~~~~~~~~~~~~~^
        bookmaker=BOOKMAKER,
        ^^^^^^^^^^^^^^^^^^^^
    ...<2 lines>...
        draw_odds=odds_by_type.get('draw'),
        ^^^^^^^^^^^^^^^^^^^^^^^^^^^^^^^^^^^
    ))
    ^
  File "C:\Users\Remi Tregan\CodingProjects\other\sports-bet\src\swisslos_scrape_service\.venv\Lib\site-packages\sqlmodel\main.py", line 845, in __init__
    sqlmodel_init(self=__pydantic_self__, data=data)
    ~~~~~~~~~~~~~^^^^^^^^^^^^^^^^^^^^^^^^^^^^^^^^^^^
  File "C:\Users\Remi Tregan\CodingProjects\other\sports-bet\src\swisslos_scrape_service\.venv\Lib\site-packages\sqlmodel\_compat.py", line 332, in sqlmodel_init
    self.__pydantic_validator__.validate_python(
    ~~~~~~~~~~~~~~~~~~~~~~~~~~~~~~~~~~~~~~~~~~~^
        data,
        ^^^^^
        self_instance=self,
        ^^^^^^^^^^^^^^^^^^^
    )
    ^
pydantic_core._pydantic_core.ValidationError: 1 validation error for SportsBettingOddsCreate
bookmaker_event_id
  Field required [type=missing, input_value={'bookmaker': 'swisslos',...2.85, 'draw_odds': 3.55}, input_type=dict]
    For further information visit https://errors.pydantic.dev/2.12/v/missing
2026-03-21 20:17:56,454:main.py:INFO:websocket opened: wss://ws.ch.admiral.at/
2026-03-21 20:18:07,009:main.py:INFO:collected 24 websocket messages
2026-03-21 20:18:07,021:main.py:INFO:len(competitors)=52 len(selections)=349 len(markets)=152 len(events)=27
2026-03-21 20:18:07,022:main.py:INFO:scraped 26 matches in 16.31s
2026-03-21 20:18:08,596:main.py:INFO:posted 26 matches and odds to db_service
2026-03-21 20:19:28,530:main.py:INFO:websocket opened: wss://ws.ch.admiral.at/
2026-03-21 20:19:28,986:main.py:INFO:collected 25 websocket messages
2026-03-21 20:19:28,998:main.py:INFO:len(competitors)=52 len(selections)=349 len(markets)=152 len(events)=26
2026-03-21 20:19:28,999:main.py:INFO:scraped 25 matches in 16.39s
2026-03-21 20:19:30,587:main.py:INFO:posted 25 matches and odds to db_service
2026-03-21 20:30:14,799:main.py:INFO:websocket opened: wss://ws.ch.admiral.at/
2026-03-21 20:30:26,756:main.py:INFO:collected 27 websocket messages
2026-03-21 20:30:26,766:main.py:INFO:len(competitors)=50 len(selections)=338 len(markets)=147 len(events)=27
2026-03-21 20:30:26,767:main.py:INFO:scraped 26 matches in 20.36s
2026-03-21 20:30:28,169:main.py:INFO:posted 26 matches and odds to db_service
2026-03-21 20:35:15,222:main.py:INFO:websocket opened: wss://ws.ch.admiral.at/
2026-03-21 20:35:26,663:main.py:INFO:collected 27 websocket messages
2026-03-21 20:35:26,675:main.py:INFO:len(competitors)=54 len(selections)=375 len(markets)=163 len(events)=29
2026-03-21 20:35:26,677:main.py:INFO:scraped 28 matches in 17.06s
2026-03-21 20:35:28,306:main.py:INFO:posted 28 matches and odds to db_service
2026-03-21 21:55:56,594:main.py:INFO:websocket opened: wss://ws.ch.admiral.at/
2026-03-21 21:55:57,456:main.py:INFO:collected 24 websocket messages
2026-03-21 21:55:57,467:main.py:INFO:len(competitors)=52 len(selections)=323 len(markets)=139 len(events)=26
2026-03-21 21:55:57,468:main.py:INFO:scraped 25 matches in 20.69s
2026-03-21 21:55:58,816:main.py:INFO:posted 25 matches and odds to db_service
2026-03-21 22:08:27,119:main.py:INFO:websocket opened: wss://ws.ch.admiral.at/
2026-03-21 22:08:27,928:main.py:INFO:collected 25 websocket messages
2026-03-21 22:08:27,938:main.py:INFO:len(competitors)=52 len(selections)=336 len(markets)=145 len(events)=26
2026-03-21 22:08:27,939:main.py:INFO:scraped 25 matches in 19.72s
2026-03-21 22:09:29,504:main.py:INFO:posted 25 matches and odds to db_service
2026-03-21 22:13:51,086:main.py:INFO:websocket opened: wss://ws.ch.admiral.at/
2026-03-21 22:14:01,767:main.py:INFO:collected 27 websocket messages
2026-03-21 22:14:01,778:main.py:INFO:len(competitors)=52 len(selections)=340 len(markets)=147 len(events)=28
2026-03-21 22:14:01,779:main.py:INFO:scraped 26 matches in 16.83s
2026-03-21 22:14:02,634:main.py:INFO:posted 26 matches and odds to db_service
2026-03-21 23:42:49,484:main.py:INFO:websocket opened: wss://ws.ch.admiral.at/
2026-03-21 23:43:00,309:main.py:INFO:collected 24 websocket messages
2026-03-21 23:43:00,316:main.py:INFO:len(competitors)=26 len(selections)=141 len(markets)=60 len(events)=13
2026-03-21 23:43:00,316:main.py:INFO:scraped 13 matches in 27.84s
2026-03-21 23:43:00,843:main.py:INFO:posted 13 matches and odds to db_service
2026-03-22 10:47:10,972:main.py:INFO:websocket opened: wss://ws.ch.admiral.at/
2026-03-22 10:47:11,991:main.py:INFO:collected 16 websocket messages
2026-03-22 10:47:12,005:main.py:INFO:len(competitors)=46 len(selections)=323 len(markets)=141 len(events)=23
2026-03-22 10:47:12,008:main.py:INFO:scraped 23 matches in 21.25s
2026-03-22 10:47:13,461:main.py:INFO:posted 23 matches and odds to db_service
2026-03-22 10:56:27,544:main.py:INFO:websocket opened: wss://ws.ch.admiral.at/
2026-03-22 10:56:28,030:main.py:INFO:collected 16 websocket messages
2026-03-22 10:56:28,039:main.py:INFO:len(competitors)=46 len(selections)=323 len(markets)=141 len(events)=23
2026-03-22 10:56:28,040:main.py:INFO:scraped 23 matches in 16.64s
2026-03-22 10:56:28,995:main.py:INFO:posted 23 matches and odds to db_service
2026-03-22 11:47:04,815:main.py:INFO:websocket opened: wss://ws.ch.admiral.at/
2026-03-22 11:47:16,075:main.py:INFO:collected 19 websocket messages
2026-03-22 11:47:16,087:main.py:INFO:len(competitors)=46 len(selections)=323 len(markets)=141 len(events)=23
2026-03-22 11:47:16,089:main.py:INFO:scraped 23 matches in 36.60s
2026-03-22 11:47:17,224:main.py:INFO:posted 23 matches and odds to db_service
2026-03-22 11:48:12,733:main.py:INFO:websocket opened: wss://ws.ch.admiral.at/
2026-03-22 11:48:13,200:main.py:INFO:collected 16 websocket messages
2026-03-22 11:48:13,208:main.py:INFO:len(competitors)=46 len(selections)=323 len(markets)=141 len(events)=23
2026-03-22 11:48:13,209:main.py:INFO:scraped 23 matches in 15.90s
2026-03-22 11:48:14,248:main.py:INFO:posted 23 matches and odds to db_service
2026-03-22 12:02:27,819:main.py:INFO:websocket opened: wss://ws.ch.admiral.at/
2026-03-22 12:02:39,105:main.py:INFO:collected 17 websocket messages
2026-03-22 12:02:39,114:main.py:INFO:len(competitors)=46 len(selections)=323 len(markets)=141 len(events)=23
2026-03-22 12:02:39,115:main.py:INFO:scraped 23 matches in 21.52s
2026-03-22 12:02:40,138:main.py:INFO:posted 23 matches and odds to db_service
2026-03-22 12:20:36,425:main.py:INFO:websocket opened: wss://ws.ch.admiral.at/
2026-03-22 12:20:47,290:main.py:INFO:collected 16 websocket messages
2026-03-22 12:20:47,298:main.py:INFO:len(competitors)=46 len(selections)=323 len(markets)=141 len(events)=23
2026-03-22 12:20:47,299:main.py:INFO:scraped 23 matches in 19.07s
2026-03-22 12:20:48,399:main.py:INFO:posted 23 matches and odds to db_service
